<?xml version="1.0" encoding="UTF-8"?>
<testsuite xmlns:xsi="http://www.w3.org/2001/XMLSchema-instance" xsi:noNamespaceSchemaLocation="https://maven.apache.org/surefire/maven-surefire-plugin/xsd/surefire-test-report.xsd" name="com.atguigu.boot.Boot01Helloworld2ApplicationTests" time="5.755" tests="1" errors="0" skipped="0" failures="0">
  <properties>
    <property name="sun.desktop" value="windows"/>
    <property name="awt.toolkit" value="sun.awt.windows.WToolkit"/>
    <property name="file.encoding.pkg" value="sun.io"/>
    <property name="java.specification.version" value="1.8"/>
    <property name="sun.cpu.isalist" value="amd64"/>
    <property name="sun.jnu.encoding" value="GBK"/>
    <property name="java.class.path" value="E:\javas尚硅谷\boot-01-helloworld-2\target\test-classes;E:\javas尚硅谷\boot-01-helloworld-2\target\classes;D:\ideaMaven\myRepository\org\springframework\boot\spring-boot-starter-web\2.7.2\spring-boot-starter-web-2.7.2.jar;D:\ideaMaven\myRepository\org\springframework\boot\spring-boot-starter\2.7.2\spring-boot-starter-2.7.2.jar;D:\ideaMaven\myRepository\org\springframework\boot\spring-boot\2.7.2\spring-boot-2.7.2.jar;D:\ideaMaven\myRepository\org\springframework\boot\spring-boot-autoconfigure\2.7.2\spring-boot-autoconfigure-2.7.2.jar;D:\ideaMaven\myRepository\org\springframework\boot\spring-boot-starter-logging\2.7.2\spring-boot-starter-logging-2.7.2.jar;D:\ideaMaven\myRepository\ch\qos\logback\logback-classic\1.2.11\logback-classic-1.2.11.jar;D:\ideaMaven\myRepository\ch\qos\logback\logback-core\1.2.11\logback-core-1.2.11.jar;D:\ideaMaven\myRepository\org\apache\logging\log4j\log4j-to-slf4j\2.17.2\log4j-to-slf4j-2.17.2.jar;D:\ideaMaven\myRepository\org\apache\logging\log4j\log4j-api\2.17.2\log4j-api-2.17.2.jar;D:\ideaMaven\myRepository\org\slf4j\jul-to-slf4j\1.7.36\jul-to-slf4j-1.7.36.jar;D:\ideaMaven\myRepository\jakarta\annotation\jakarta.annotation-api\1.3.5\jakarta.annotation-api-1.3.5.jar;D:\ideaMaven\myRepository\org\yaml\snakeyaml\1.30\snakeyaml-1.30.jar;D:\ideaMaven\myRepository\org\springframework\boot\spring-boot-starter-json\2.7.2\spring-boot-starter-json-2.7.2.jar;D:\ideaMaven\myRepository\com\fasterxml\jackson\core\jackson-databind\2.13.3\jackson-databind-2.13.3.jar;D:\ideaMaven\myRepository\com\fasterxml\jackson\core\jackson-annotations\2.13.3\jackson-annotations-2.13.3.jar;D:\ideaMaven\myRepository\com\fasterxml\jackson\core\jackson-core\2.13.3\jackson-core-2.13.3.jar;D:\ideaMaven\myRepository\com\fasterxml\jackson\datatype\jackson-datatype-jdk8\2.13.3\jackson-datatype-jdk8-2.13.3.jar;D:\ideaMaven\myRepository\com\fasterxml\jackson\datatype\jackson-datatype-jsr310\2.13.3\jackson-datatype-jsr310-2.13.3.jar;D:\ideaMaven\myRepository\com\fasterxml\jackson\module\jackson-module-parameter-names\2.13.3\jackson-module-parameter-names-2.13.3.jar;D:\ideaMaven\myRepository\org\springframework\boot\spring-boot-starter-tomcat\2.7.2\spring-boot-starter-tomcat-2.7.2.jar;D:\ideaMaven\myRepository\org\apache\tomcat\embed\tomcat-embed-core\9.0.65\tomcat-embed-core-9.0.65.jar;D:\ideaMaven\myRepository\org\apache\tomcat\embed\tomcat-embed-el\9.0.65\tomcat-embed-el-9.0.65.jar;D:\ideaMaven\myRepository\org\apache\tomcat\embed\tomcat-embed-websocket\9.0.65\tomcat-embed-websocket-9.0.65.jar;D:\ideaMaven\myRepository\org\springframework\spring-web\5.3.22\spring-web-5.3.22.jar;D:\ideaMaven\myRepository\org\springframework\spring-beans\5.3.22\spring-beans-5.3.22.jar;D:\ideaMaven\myRepository\org\springframework\spring-webmvc\5.3.22\spring-webmvc-5.3.22.jar;D:\ideaMaven\myRepository\org\springframework\spring-aop\5.3.22\spring-aop-5.3.22.jar;D:\ideaMaven\myRepository\org\springframework\spring-context\5.3.22\spring-context-5.3.22.jar;D:\ideaMaven\myRepository\org\springframework\spring-expression\5.3.22\spring-expression-5.3.22.jar;D:\ideaMaven\myRepository\org\projectlombok\lombok\1.18.24\lombok-1.18.24.jar;D:\ideaMaven\myRepository\org\springframework\boot\spring-boot-configuration-processor\2.7.2\spring-boot-configuration-processor-2.7.2.jar;D:\ideaMaven\myRepository\org\springframework\boot\spring-boot-starter-test\2.7.2\spring-boot-starter-test-2.7.2.jar;D:\ideaMaven\myRepository\org\springframework\boot\spring-boot-test\2.7.2\spring-boot-test-2.7.2.jar;D:\ideaMaven\myRepository\org\springframework\boot\spring-boot-test-autoconfigure\2.7.2\spring-boot-test-autoconfigure-2.7.2.jar;D:\ideaMaven\myRepository\com\jayway\jsonpath\json-path\2.7.0\json-path-2.7.0.jar;D:\ideaMaven\myRepository\net\minidev\json-smart\2.4.8\json-smart-2.4.8.jar;D:\ideaMaven\myRepository\net\minidev\accessors-smart\2.4.8\accessors-smart-2.4.8.jar;D:\ideaMaven\myRepository\org\ow2\asm\asm\9.1\asm-9.1.jar;D:\ideaMaven\myRepository\org\slf4j\slf4j-api\1.7.36\slf4j-api-1.7.36.jar;D:\ideaMaven\myRepository\jakarta\xml\bind\jakarta.xml.bind-api\2.3.3\jakarta.xml.bind-api-2.3.3.jar;D:\ideaMaven\myRepository\jakarta\activation\jakarta.activation-api\1.2.2\jakarta.activation-api-1.2.2.jar;D:\ideaMaven\myRepository\org\assertj\assertj-core\3.22.0\assertj-core-3.22.0.jar;D:\ideaMaven\myRepository\org\hamcrest\hamcrest\2.2\hamcrest-2.2.jar;D:\ideaMaven\myRepository\org\junit\jupiter\junit-jupiter\5.8.2\junit-jupiter-5.8.2.jar;D:\ideaMaven\myRepository\org\junit\jupiter\junit-jupiter-api\5.8.2\junit-jupiter-api-5.8.2.jar;D:\ideaMaven\myRepository\org\opentest4j\opentest4j\1.2.0\opentest4j-1.2.0.jar;D:\ideaMaven\myRepository\org\junit\platform\junit-platform-commons\1.8.2\junit-platform-commons-1.8.2.jar;D:\ideaMaven\myRepository\org\apiguardian\apiguardian-api\1.1.2\apiguardian-api-1.1.2.jar;D:\ideaMaven\myRepository\org\junit\jupiter\junit-jupiter-params\5.8.2\junit-jupiter-params-5.8.2.jar;D:\ideaMaven\myRepository\org\junit\jupiter\junit-jupiter-engine\5.8.2\junit-jupiter-engine-5.8.2.jar;D:\ideaMaven\myRepository\org\junit\platform\junit-platform-engine\1.8.2\junit-platform-engine-1.8.2.jar;D:\ideaMaven\myRepository\org\mockito\mockito-core\4.5.1\mockito-core-4.5.1.jar;D:\ideaMaven\myRepository\net\bytebuddy\byte-buddy\1.12.12\byte-buddy-1.12.12.jar;D:\ideaMaven\myRepository\net\bytebuddy\byte-buddy-agent\1.12.12\byte-buddy-agent-1.12.12.jar;D:\ideaMaven\myRepository\org\objenesis\objenesis\3.2\objenesis-3.2.jar;D:\ideaMaven\myRepository\org\mockito\mockito-junit-jupiter\4.5.1\mockito-junit-jupiter-4.5.1.jar;D:\ideaMaven\myRepository\org\skyscreamer\jsonassert\1.5.1\jsonassert-1.5.1.jar;D:\ideaMaven\myRepository\com\vaadin\external\google\android-json\0.0.20131108.vaadin1\android-json-0.0.20131108.vaadin1.jar;D:\ideaMaven\myRepository\org\springframework\spring-core\5.3.22\spring-core-5.3.22.jar;D:\ideaMaven\myRepository\org\springframework\spring-jcl\5.3.22\spring-jcl-5.3.22.jar;D:\ideaMaven\myRepository\org\springframework\spring-test\5.3.22\spring-test-5.3.22.jar;D:\ideaMaven\myRepository\org\xmlunit\xmlunit-core\2.9.0\xmlunit-core-2.9.0.jar;"/>
    <property name="java.vm.vendor" value="Oracle Corporation"/>
    <property name="sun.arch.data.model" value="64"/>
    <property name="user.variant" value=""/>
    <property name="java.vendor.url" value="http://java.oracle.com/"/>
    <property name="user.timezone" value="Asia/Shanghai"/>
    <property name="java.vm.specification.version" value="1.8"/>
    <property name="os.name" value="Windows 10"/>
    <property name="user.country" value="CN"/>
    <property name="sun.java.launcher" value="SUN_STANDARD"/>
    <property name="sun.boot.library.path" value="C:\Program Files\Java\jdk1.8.0_161\jre\bin"/>
    <property name="sun.java.command" value="C:\Users\ASUS\AppData\Local\Temp\surefire7484711373678830808\surefirebooter2765495313065174744.jar C:\Users\ASUS\AppData\Local\Temp\surefire7484711373678830808 2022-08-16T22-54-56_709-jvmRun1 surefire8717400222883860710tmp surefire_06431919419389836951tmp"/>
    <property name="surefire.test.class.path" value="E:\javas尚硅谷\boot-01-helloworld-2\target\test-classes;E:\javas尚硅谷\boot-01-helloworld-2\target\classes;D:\ideaMaven\myRepository\org\springframework\boot\spring-boot-starter-web\2.7.2\spring-boot-starter-web-2.7.2.jar;D:\ideaMaven\myRepository\org\springframework\boot\spring-boot-starter\2.7.2\spring-boot-starter-2.7.2.jar;D:\ideaMaven\myRepository\org\springframework\boot\spring-boot\2.7.2\spring-boot-2.7.2.jar;D:\ideaMaven\myRepository\org\springframework\boot\spring-boot-autoconfigure\2.7.2\spring-boot-autoconfigure-2.7.2.jar;D:\ideaMaven\myRepository\org\springframework\boot\spring-boot-starter-logging\2.7.2\spring-boot-starter-logging-2.7.2.jar;D:\ideaMaven\myRepository\ch\qos\logback\logback-classic\1.2.11\logback-classic-1.2.11.jar;D:\ideaMaven\myRepository\ch\qos\logback\logback-core\1.2.11\logback-core-1.2.11.jar;D:\ideaMaven\myRepository\org\apache\logging\log4j\log4j-to-slf4j\2.17.2\log4j-to-slf4j-2.17.2.jar;D:\ideaMaven\myRepository\org\apache\logging\log4j\log4j-api\2.17.2\log4j-api-2.17.2.jar;D:\ideaMaven\myRepository\org\slf4j\jul-to-slf4j\1.7.36\jul-to-slf4j-1.7.36.jar;D:\ideaMaven\myRepository\jakarta\annotation\jakarta.annotation-api\1.3.5\jakarta.annotation-api-1.3.5.jar;D:\ideaMaven\myRepository\org\yaml\snakeyaml\1.30\snakeyaml-1.30.jar;D:\ideaMaven\myRepository\org\springframework\boot\spring-boot-starter-json\2.7.2\spring-boot-starter-json-2.7.2.jar;D:\ideaMaven\myRepository\com\fasterxml\jackson\core\jackson-databind\2.13.3\jackson-databind-2.13.3.jar;D:\ideaMaven\myRepository\com\fasterxml\jackson\core\jackson-annotations\2.13.3\jackson-annotations-2.13.3.jar;D:\ideaMaven\myRepository\com\fasterxml\jackson\core\jackson-core\2.13.3\jackson-core-2.13.3.jar;D:\ideaMaven\myRepository\com\fasterxml\jackson\datatype\jackson-datatype-jdk8\2.13.3\jackson-datatype-jdk8-2.13.3.jar;D:\ideaMaven\myRepository\com\fasterxml\jackson\datatype\jackson-datatype-jsr310\2.13.3\jackson-datatype-jsr310-2.13.3.jar;D:\ideaMaven\myRepository\com\fasterxml\jackson\module\jackson-module-parameter-names\2.13.3\jackson-module-parameter-names-2.13.3.jar;D:\ideaMaven\myRepository\org\springframework\boot\spring-boot-starter-tomcat\2.7.2\spring-boot-starter-tomcat-2.7.2.jar;D:\ideaMaven\myRepository\org\apache\tomcat\embed\tomcat-embed-core\9.0.65\tomcat-embed-core-9.0.65.jar;D:\ideaMaven\myRepository\org\apache\tomcat\embed\tomcat-embed-el\9.0.65\tomcat-embed-el-9.0.65.jar;D:\ideaMaven\myRepository\org\apache\tomcat\embed\tomcat-embed-websocket\9.0.65\tomcat-embed-websocket-9.0.65.jar;D:\ideaMaven\myRepository\org\springframework\spring-web\5.3.22\spring-web-5.3.22.jar;D:\ideaMaven\myRepository\org\springframework\spring-beans\5.3.22\spring-beans-5.3.22.jar;D:\ideaMaven\myRepository\org\springframework\spring-webmvc\5.3.22\spring-webmvc-5.3.22.jar;D:\ideaMaven\myRepository\org\springframework\spring-aop\5.3.22\spring-aop-5.3.22.jar;D:\ideaMaven\myRepository\org\springframework\spring-context\5.3.22\spring-context-5.3.22.jar;D:\ideaMaven\myRepository\org\springframework\spring-expression\5.3.22\spring-expression-5.3.22.jar;D:\ideaMaven\myRepository\org\projectlombok\lombok\1.18.24\lombok-1.18.24.jar;D:\ideaMaven\myRepository\org\springframework\boot\spring-boot-configuration-processor\2.7.2\spring-boot-configuration-processor-2.7.2.jar;D:\ideaMaven\myRepository\org\springframework\boot\spring-boot-starter-test\2.7.2\spring-boot-starter-test-2.7.2.jar;D:\ideaMaven\myRepository\org\springframework\boot\spring-boot-test\2.7.2\spring-boot-test-2.7.2.jar;D:\ideaMaven\myRepository\org\springframework\boot\spring-boot-test-autoconfigure\2.7.2\spring-boot-test-autoconfigure-2.7.2.jar;D:\ideaMaven\myRepository\com\jayway\jsonpath\json-path\2.7.0\json-path-2.7.0.jar;D:\ideaMaven\myRepository\net\minidev\json-smart\2.4.8\json-smart-2.4.8.jar;D:\ideaMaven\myRepository\net\minidev\accessors-smart\2.4.8\accessors-smart-2.4.8.jar;D:\ideaMaven\myRepository\org\ow2\asm\asm\9.1\asm-9.1.jar;D:\ideaMaven\myRepository\org\slf4j\slf4j-api\1.7.36\slf4j-api-1.7.36.jar;D:\ideaMaven\myRepository\jakarta\xml\bind\jakarta.xml.bind-api\2.3.3\jakarta.xml.bind-api-2.3.3.jar;D:\ideaMaven\myRepository\jakarta\activation\jakarta.activation-api\1.2.2\jakarta.activation-api-1.2.2.jar;D:\ideaMaven\myRepository\org\assertj\assertj-core\3.22.0\assertj-core-3.22.0.jar;D:\ideaMaven\myRepository\org\hamcrest\hamcrest\2.2\hamcrest-2.2.jar;D:\ideaMaven\myRepository\org\junit\jupiter\junit-jupiter\5.8.2\junit-jupiter-5.8.2.jar;D:\ideaMaven\myRepository\org\junit\jupiter\junit-jupiter-api\5.8.2\junit-jupiter-api-5.8.2.jar;D:\ideaMaven\myRepository\org\opentest4j\opentest4j\1.2.0\opentest4j-1.2.0.jar;D:\ideaMaven\myRepository\org\junit\platform\junit-platform-commons\1.8.2\junit-platform-commons-1.8.2.jar;D:\ideaMaven\myRepository\org\apiguardian\apiguardian-api\1.1.2\apiguardian-api-1.1.2.jar;D:\ideaMaven\myRepository\org\junit\jupiter\junit-jupiter-params\5.8.2\junit-jupiter-params-5.8.2.jar;D:\ideaMaven\myRepository\org\junit\jupiter\junit-jupiter-engine\5.8.2\junit-jupiter-engine-5.8.2.jar;D:\ideaMaven\myRepository\org\junit\platform\junit-platform-engine\1.8.2\junit-platform-engine-1.8.2.jar;D:\ideaMaven\myRepository\org\mockito\mockito-core\4.5.1\mockito-core-4.5.1.jar;D:\ideaMaven\myRepository\net\bytebuddy\byte-buddy\1.12.12\byte-buddy-1.12.12.jar;D:\ideaMaven\myRepository\net\bytebuddy\byte-buddy-agent\1.12.12\byte-buddy-agent-1.12.12.jar;D:\ideaMaven\myRepository\org\objenesis\objenesis\3.2\objenesis-3.2.jar;D:\ideaMaven\myRepository\org\mockito\mockito-junit-jupiter\4.5.1\mockito-junit-jupiter-4.5.1.jar;D:\ideaMaven\myRepository\org\skyscreamer\jsonassert\1.5.1\jsonassert-1.5.1.jar;D:\ideaMaven\myRepository\com\vaadin\external\google\android-json\0.0.20131108.vaadin1\android-json-0.0.20131108.vaadin1.jar;D:\ideaMaven\myRepository\org\springframework\spring-core\5.3.22\spring-core-5.3.22.jar;D:\ideaMaven\myRepository\org\springframework\spring-jcl\5.3.22\spring-jcl-5.3.22.jar;D:\ideaMaven\myRepository\org\springframework\spring-test\5.3.22\spring-test-5.3.22.jar;D:\ideaMaven\myRepository\org\xmlunit\xmlunit-core\2.9.0\xmlunit-core-2.9.0.jar;"/>
    <property name="sun.cpu.endian" value="little"/>
    <property name="user.home" value="C:\Users\ASUS"/>
    <property name="user.language" value="zh"/>
    <property name="java.specification.vendor" value="Oracle Corporation"/>
    <property name="java.home" value="C:\Program Files\Java\jdk1.8.0_161\jre"/>
    <property name="basedir" value="E:\javas尚硅谷\boot-01-helloworld-2"/>
    <property name="file.separator" value="\"/>
    <property name="line.separator" value="&#10;"/>
    <property name="java.vm.specification.vendor" value="Oracle Corporation"/>
    <property name="java.specification.name" value="Java Platform API Specification"/>
    <property name="java.awt.graphicsenv" value="sun.awt.Win32GraphicsEnvironment"/>
    <property name="surefire.real.class.path" value="C:\Users\ASUS\AppData\Local\Temp\surefire7484711373678830808\surefirebooter2765495313065174744.jar"/>
    <property name="sun.boot.class.path" value="C:\Program Files\Java\jdk1.8.0_161\jre\lib\resources.jar;C:\Program Files\Java\jdk1.8.0_161\jre\lib\rt.jar;C:\Program Files\Java\jdk1.8.0_161\jre\lib\sunrsasign.jar;C:\Program Files\Java\jdk1.8.0_161\jre\lib\jsse.jar;C:\Program Files\Java\jdk1.8.0_161\jre\lib\jce.jar;C:\Program Files\Java\jdk1.8.0_161\jre\lib\charsets.jar;C:\Program Files\Java\jdk1.8.0_161\jre\lib\jfr.jar;C:\Program Files\Java\jdk1.8.0_161\jre\classes"/>
    <property name="user.script" value=""/>
    <property name="sun.management.compiler" value="HotSpot 64-Bit Tiered Compilers"/>
    <property name="java.runtime.version" value="1.8.0_161-b12"/>
    <property name="user.name" value="ASUS"/>
    <property name="path.separator" value=";"/>
    <property name="os.version" value="10.0"/>
    <property name="java.endorsed.dirs" value="C:\Program Files\Java\jdk1.8.0_161\jre\lib\endorsed"/>
    <property name="java.runtime.name" value="Java(TM) SE Runtime Environment"/>
    <property name="file.encoding" value="GBK"/>
    <property name="java.vm.name" value="Java HotSpot(TM) 64-Bit Server VM"/>
    <property name="localRepository" value="D:\ideaMaven\myRepository"/>
    <property name="java.vendor.url.bug" value="http://bugreport.sun.com/bugreport/"/>
    <property name="java.io.tmpdir" value="C:\Users\ASUS\AppData\Local\Temp\"/>
    <property name="idea.version" value="2021.3"/>
    <property name="java.version" value="1.8.0_161"/>
    <property name="user.dir" value="E:\javas尚硅谷\boot-01-helloworld-2"/>
    <property name="os.arch" value="amd64"/>
    <property name="java.vm.specification.name" value="Java Virtual Machine Specification"/>
    <property name="java.awt.printerjob" value="sun.awt.windows.WPrinterJob"/>
    <property name="sun.os.patch.level" value=""/>
    <property name="java.library.path" value="C:\Program Files\Java\jdk1.8.0_161\jre\bin;C:\WINDOWS\Sun\Java\bin;C:\WINDOWS\system32;C:\WINDOWS;E:\vmware\bin\;C:\ProgramData\Oracle\Java\javapath;C:\WINDOWS\system32;C:\WINDOWS;C:\WINDOWS\System32\Wbem;C:\WINDOWS\System32\WindowsPowerShell\v1.0\;C:\WINDOWS\System32\OpenSSH\;D:\Tencent\微信web开发者工具\dll;C:\Pro;ram Files\Microsoft SQL Server\130\Tools\Binn\;D:\nodejs\;&quot;D:\nodejs;D:\Develop\nodejs\node_global&quot;;D:\ideaMaven\apache-maven-3.5.4\bin;C:\Users\ASUS\AppData\Local\Programs\Python\Python310\Scripts\;C:\Users\ASUS\AppData\Local\Programs\Python\Python310\;F:\jdkcentos\ANACONDA;F:\jdkcentos\ANACONDA\Library\mingw-w64\bin;F:\jdkcentos\ANACONDA\Library\usr\bin;F:\jdkcentos\ANACONDA\Library\bin;F:\jdkcentos\ANACONDA\Scripts;C:\Users\ASUS\AppData\Local\Microsoft\WindowsApps;C:\Program Files\JetBrains\PyCharm Community Edition 2021.3.1\bin;;C:\Program Files\Bandizip\;;D:\Microsoft VS Code\bin;C:\Users\ASUS\AppData\Roaming\npm;C:\Intel\IntelliJ IDEA 2021.3\bin;;C:\Intel\IntelliJ IDEA Community Edition 2021.2.3\bin;;C:\Program Files\JetBrains\PyCharm 2021.3\bin;;."/>
    <property name="java.vm.info" value="mixed mode"/>
    <property name="java.vendor" value="Oracle Corporation"/>
    <property name="java.vm.version" value="25.161-b12"/>
    <property name="java.ext.dirs" value="C:\Program Files\Java\jdk1.8.0_161\jre\lib\ext;C:\WINDOWS\Sun\Java\lib\ext"/>
    <property name="sun.io.unicode.encoding" value="UnicodeLittle"/>
    <property name="java.class.version" value="52.0"/>
  </properties>
  <testcase name="contextLoads" classname="com.atguigu.boot.Boot01Helloworld2ApplicationTests" time="1.171"/>
</testsuite>